=====================
SAP Crash Report
=====================

Generated by: Sinco and Portilizen v0.4.1a-debug
System timestamp: 2025-04-13-13-32-59
Driver info: OpenGL Vendor=NVIDIA Corporation Version=4.6.0 NVIDIA 546.33 Renderer=NVIDIA GeForce RTX 3050 Laptop GPU/PCIe/SSE2 GLSL=4.60 NVIDIA
Platform: Windows
Render method: DRAW_TILES

=====================

Unknown GC

=====================

Flixel Current State: sap.mainmenu.MainMenu

=====================

Last 30 traces:

InitState.hx.create():23: init
InitState.hx.ModsInit():187: mods init
InitState.hx.ModsInit():189: Hscript mods
sap.modding.hscript.ModFolderManager.hx.readModFolder():48: Mod "Outdated Mod" was built for incompatible API version (0.0.5), "0.1.0" expected at minimum
sap.modding.hscript.ModFolderManager.hx.readModFolder():69: Loaded 3 mods
sap.modding.hscript.ModFolderManager.hx.readModFolder():72: * Asset Replacement Mod v1.0.0 (api version: 0.1.1)
sap.modding.hscript.ModFolderManager.hx.readModFolder():72: * HScript Mod v1.0.0 (api version: 0.1.0)
sap.modding.hscript.ModFolderManager.hx.readModFolder():72: * Sincos cool Mod v1.0.0 (api version: 0.1.0)
sap.modding.hscript.ModFolderManager.hx.readModFolder():76: ENABLED_MODS: []
sap.modding.hscript.ModFolderManager.hx.readModFolder():77: DISABLED_MODS: [asset-replacement-mod,hscriptmod,sincos-cool-mod]
InitState.hx.ModsInit():185: 0.024s
InitState.hx.LanguageInit():201: language init
sap.localization.LocalizationManager.hx.changeLanguage():37: Trying to change to languge: "english"
sap.localization.LocalizationManager.hx.changeLanguage():49: Succeeded to change to language: "english"
InitState.hx.LanguageInit():199: 0.00800000000000001s
Global.hx.change_saveslot():84: Switched save slot to "SINCOandPORT-SLOT-debug"
Global.hx.change_saveslot():86: Save dump: {settings : {discord_rpc : true, window_res : 640x608}, medals : [Welcome,Huh, someone cares,Protector], mute : false, results : {grade : F, rank : awful}, enabled_mods : [], gameplaystatus : {levels_complete : [1,2]}, language : english, volume : 1}
InitState.hx.create():21: 0.143s
InitState.hx.proceed():114: Proceeding
InitState.hx.proceed():119: Initalizing plugins
InitState.hx.proceed():173: Starting game regularly
sap.medals.MedalData.hx.unlockMedal():14: New medal: Welcome
sap.medals.MedalData.hx.unlockMedal():22: MEDAL IS ALREADY EARNED

=====================

Enabled Mods:

Asset Replacement Mod v1.0.0 (api version: 0.1.1)
HScript Mod v1.0.0 (api version: 0.1.0)
Sincos cool Mod v1.0.0 (api version: 0.1.0)

=====================

CASLCrash
  in sap/utils/State.hx#37
  in sap/mainmenu/MainMenu.hx#136
  in flixel/FlxState.hx#225
  in flixel/FlxGame.hx#693
  in flixel/FlxGame.hx#628
  in flixel/FlxGame.hx#501
  in lime/app/Module.hx#0
  in openfl/events/EventDispatcher.hx#466
  in openfl/events/EventDispatcher.hx#464
  in openfl/display/DisplayObject.hx#1457
  in openfl/display/Stage.hx#1179
  in openfl/display/Stage.hx#1177
  in openfl/display/Stage.hx#2208
  in lime/_internal/macros/EventMacro.hx#91
  in lime/_internal/backend/native/NativeApplication.hx#372
  in lime/_internal/backend/native/NativeApplication.hx#147
  in lime/app/Application.hx#150
  in openfl/display/Application.hx#130
  in ApplicationMain.hx#137
  in ApplicationMain.hx#26

